<?xml version="1.0" encoding="UTF-8"?>
<!-- Generated by org.testng.reporters.JUnitXMLReporter -->
<testsuite hostname="LAPTOP-G0BF4AFQ" ignored="0" name="Test" tests="6" failures="5" timestamp="2023-02-03T00:01:19 IST" time="69.418" errors="0">
  <testcase name="loginDDT" time="7.948" classname="com.symplocehealth.Testcases.TC_LoginDDT_01">
    <failure type="java.lang.AssertionError" message="expected [true] but found [false]">
      <![CDATA[java.lang.AssertionError: expected [true] but found [false]
at com.symplocehealth.Testcases.TC_LoginDDT_01.loginDDT(TC_LoginDDT_01.java:30)
at java.util.ArrayList.forEach(ArrayList.java:1259)
... Removed 31 stack frames]]>
    </failure>
  </testcase> <!-- loginDDT -->
  <testcase name="loginDDT" time="11.142" classname="com.symplocehealth.Testcases.TC_LoginDDT_01">
    <failure type="java.lang.AssertionError" message="expected [true] but found [false]">
      <![CDATA[java.lang.AssertionError: expected [true] but found [false]
at com.symplocehealth.Testcases.TC_LoginDDT_01.loginDDT(TC_LoginDDT_01.java:30)
at java.util.ArrayList.forEach(ArrayList.java:1259)
... Removed 31 stack frames]]>
    </failure>
  </testcase> <!-- loginDDT -->
  <testcase name="loginDDT" time="7.947" classname="com.symplocehealth.Testcases.TC_LoginDDT_01">
    <failure type="java.lang.AssertionError" message="expected [true] but found [false]">
      <![CDATA[java.lang.AssertionError: expected [true] but found [false]
at com.symplocehealth.Testcases.TC_LoginDDT_01.loginDDT(TC_LoginDDT_01.java:30)
at java.util.ArrayList.forEach(ArrayList.java:1259)
... Removed 31 stack frames]]>
    </failure>
  </testcase> <!-- loginDDT -->
  <testcase name="loginDDT" time="7.665" classname="com.symplocehealth.Testcases.TC_LoginDDT_01">
    <failure type="java.lang.AssertionError" message="expected [true] but found [false]">
      <![CDATA[java.lang.AssertionError: expected [true] but found [false]
at com.symplocehealth.Testcases.TC_LoginDDT_01.loginDDT(TC_LoginDDT_01.java:30)
at java.util.ArrayList.forEach(ArrayList.java:1259)
... Removed 31 stack frames]]>
    </failure>
  </testcase> <!-- loginDDT -->
  <testcase name="loginDDT" time="8.008" classname="com.symplocehealth.Testcases.TC_LoginDDT_01">
    <failure type="java.lang.AssertionError" message="expected [true] but found [false]">
      <![CDATA[java.lang.AssertionError: expected [true] but found [false]
at com.symplocehealth.Testcases.TC_LoginDDT_01.loginDDT(TC_LoginDDT_01.java:30)
at java.util.ArrayList.forEach(ArrayList.java:1259)
... Removed 31 stack frames]]>
    </failure>
  </testcase> <!-- loginDDT -->
  <testcase name="loginDDT" time="14.02" classname="com.symplocehealth.Testcases.TC_LoginDDT_01"/>
</testsuite> <!-- Test -->
