<?xml version="1.0" encoding="UTF-8"?>
<testng-results skipped="0" failed="0" ignored="0" total="1" passed="1">
  <reporter-output>
  </reporter-output>
  <suite name="Suite" duration-ms="19999" started-at="2023-02-02T20:52:36 IST" finished-at="2023-02-02T20:52:56 IST">
    <groups>
    </groups>
    <test name="Test" duration-ms="19999" started-at="2023-02-02T20:52:36 IST" finished-at="2023-02-02T20:52:56 IST">
      <class name="com.symplocehealth.Testcases.TC_Logintest_01">
        <test-method status="PASS" signature="setup(java.lang.String)[pri:0, instance:com.symplocehealth.Testcases.TC_Logintest_01@63753b6d]" name="setup" is-config="true" duration-ms="13020" started-at="2023-02-02T20:52:37 IST" finished-at="2023-02-02T20:52:50 IST">
          <params>
            <param index="0">
              <value>
                <![CDATA[chrome]]>
              </value>
            </param>
          </params>
          <reporter-output>
          </reporter-output>
        </test-method> <!-- setup -->
        <test-method status="PASS" signature="loginTest()[pri:0, instance:com.symplocehealth.Testcases.TC_Logintest_01@63753b6d]" name="loginTest" duration-ms="5989" started-at="2023-02-02T20:52:50 IST" finished-at="2023-02-02T20:52:56 IST">
          <reporter-output>
          </reporter-output>
        </test-method> <!-- loginTest -->
        <test-method status="PASS" signature="teardown()[pri:0, instance:com.symplocehealth.Testcases.TC_Logintest_01@63753b6d]" name="teardown" is-config="true" duration-ms="718" started-at="2023-02-02T20:52:56 IST" finished-at="2023-02-02T20:52:56 IST">
          <reporter-output>
          </reporter-output>
        </test-method> <!-- teardown -->
      </class> <!-- com.symplocehealth.Testcases.TC_Logintest_01 -->
    </test> <!-- Test -->
  </suite> <!-- Suite -->
</testng-results>
